TN:
SF:src\controllers\SessionController.js
FN:5,login
FN:15,logout
FNF:2
FNH:2
FNDA:4,login
FNDA:2,logout
DA:1,1
DA:2,1
DA:3,1
DA:4,1
DA:5,1
DA:6,4
DA:7,4
DA:8,3
DA:9,3
DA:10,4
DA:11,1
DA:12,1
DA:13,4
DA:14,1
DA:15,1
DA:16,2
DA:17,2
DA:18,1
DA:19,1
DA:20,1
DA:21,1
DA:22,2
DA:23,1
LF:23
LH:23
BRDA:5,0,0,4
BRDA:7,1,0,3
BRDA:10,2,0,1
BRDA:15,3,0,2
BRDA:17,4,0,1
BRF:5
BRH:5
end_of_record
TN:
SF:src\controllers\TaskController.js
FN:5,createTask
FN:15,updateTask
FN:29,getTaskById
FN:39,deleteTask
FN:48,getTasks
FNF:5
FNH:5
FNDA:2,createTask
FNDA:2,updateTask
FNDA:2,getTaskById
FNDA:2,deleteTask
FNDA:7,getTasks
DA:1,1
DA:2,1
DA:3,1
DA:4,1
DA:5,1
DA:6,2
DA:7,2
DA:8,1
DA:9,1
DA:10,1
DA:11,1
DA:12,1
DA:13,2
DA:14,1
DA:15,1
DA:16,2
DA:17,2
DA:18,1
DA:19,1
DA:20,1
DA:21,1
DA:22,1
DA:23,1
DA:24,1
DA:25,1
DA:26,1
DA:27,2
DA:28,1
DA:29,1
DA:30,2
DA:31,2
DA:32,1
DA:33,1
DA:34,1
DA:35,1
DA:36,1
DA:37,2
DA:38,1
DA:39,1
DA:40,2
DA:41,2
DA:42,1
DA:43,1
DA:44,1
DA:45,1
DA:46,2
DA:47,1
DA:48,1
DA:49,7
DA:50,7
DA:51,7
DA:52,6
DA:53,7
DA:54,18
DA:55,18
DA:56,18
DA:57,6
DA:58,6
DA:59,7
DA:60,1
DA:61,1
DA:62,7
DA:63,1
LF:63
LH:63
BRDA:5,0,0,2
BRDA:7,1,0,1
BRDA:15,2,0,2
BRDA:17,3,0,1
BRDA:29,4,0,2
BRDA:31,5,0,1
BRDA:39,6,0,2
BRDA:41,7,0,1
BRDA:48,8,0,7
BRDA:51,9,0,6
BRDA:53,10,0,18
BRDA:57,11,0,6
BRDA:59,12,0,1
BRF:13
BRH:13
end_of_record
TN:
SF:src\controllers\TokenController.js
FN:5,refreshToken
FN:18,verifyEmail
FNF:2
FNH:2
FNDA:2,refreshToken
FNDA:2,verifyEmail
DA:1,1
DA:2,1
DA:3,1
DA:4,1
DA:5,1
DA:6,2
DA:7,2
DA:8,1
DA:9,1
DA:10,1
DA:11,1
DA:12,1
DA:13,1
DA:14,1
DA:15,1
DA:16,2
DA:17,1
DA:18,1
DA:19,2
DA:20,2
DA:21,1
DA:22,1
DA:23,1
DA:24,1
DA:25,1
DA:26,2
DA:27,1
LF:27
LH:27
BRDA:5,0,0,2
BRDA:7,1,0,1
BRDA:18,2,0,2
BRDA:20,3,0,1
BRF:4
BRH:4
end_of_record
TN:
SF:src\controllers\UserController.js
FN:6,register
FN:15,updateUser
FN:24,getUser
FN:33,deleteUser
FN:42,getAllUsers
FNF:5
FNH:5
FNDA:2,register
FNDA:2,updateUser
FNDA:2,getUser
FNDA:2,deleteUser
FNDA:2,getAllUsers
DA:1,1
DA:2,1
DA:3,1
DA:4,1
DA:5,1
DA:6,1
DA:7,2
DA:8,2
DA:9,1
DA:10,1
DA:11,1
DA:12,1
DA:13,2
DA:14,1
DA:15,1
DA:16,2
DA:17,2
DA:18,1
DA:19,1
DA:20,1
DA:21,1
DA:22,2
DA:23,1
DA:24,1
DA:25,2
DA:26,2
DA:27,1
DA:28,1
DA:29,1
DA:30,1
DA:31,2
DA:32,1
DA:33,1
DA:34,2
DA:35,2
DA:36,1
DA:37,1
DA:38,1
DA:39,1
DA:40,2
DA:41,1
DA:42,1
DA:43,2
DA:44,2
DA:45,1
DA:46,1
DA:47,1
DA:48,1
DA:49,2
DA:50,1
LF:50
LH:50
BRDA:6,0,0,2
BRDA:8,1,0,1
BRDA:15,2,0,2
BRDA:17,3,0,1
BRDA:24,4,0,2
BRDA:26,5,0,1
BRDA:33,6,0,2
BRDA:35,7,0,1
BRDA:42,8,0,2
BRDA:44,9,0,1
BRF:10
BRH:10
end_of_record
TN:
SF:src\data\links.js
FNF:0
FNH:0
DA:1,1
DA:2,1
DA:3,1
DA:4,1
DA:5,1
DA:6,1
DA:7,1
DA:8,1
DA:9,1
DA:10,1
DA:11,1
DA:12,1
DA:13,1
DA:14,1
DA:15,1
DA:16,1
DA:17,1
DA:18,1
DA:19,1
DA:20,1
DA:21,1
DA:22,1
DA:23,1
DA:24,1
DA:25,1
DA:26,1
DA:27,1
DA:28,1
DA:29,1
DA:30,1
DA:31,1
DA:32,1
DA:33,1
DA:34,1
DA:35,1
DA:36,1
DA:37,1
DA:38,1
DA:39,1
DA:40,1
DA:41,1
DA:42,1
DA:43,1
DA:44,1
DA:45,1
DA:46,1
DA:47,1
DA:48,1
DA:49,1
DA:50,1
DA:51,1
DA:52,1
DA:53,1
DA:54,1
DA:55,1
DA:56,1
DA:57,1
DA:58,1
DA:59,1
DA:60,1
DA:61,1
DA:62,1
DA:63,1
DA:64,1
DA:65,1
DA:66,1
LF:66
LH:66
BRF:0
BRH:0
end_of_record
TN:
SF:src\helpers\DataValidator.js
FN:14,isUserAuthenticated
FN:20,isUserLoggedIn
FN:25,validateEmail
FN:31,validateUserFields
FN:37,isExistingUser
FN:44,validatePasswordUpdate
FN:55,validatePasswordFields
FN:61,validateUpdateFields
FN:76,validateAdminRole
FN:82,isEmptyData
FN:87,validateTaskFields
FN:93,validateCompleteTask
FN:99,validateFilters
FNF:13
FNH:13
FNDA:5,isUserAuthenticated
FNDA:3,isUserLoggedIn
FNDA:3,validateEmail
FNDA:9,validateUserFields
FNDA:7,isExistingUser
FNDA:2,validatePasswordUpdate
FNDA:4,validatePasswordFields
FNDA:16,validateUpdateFields
FNDA:6,validateAdminRole
FNDA:25,isEmptyData
FNDA:5,validateTaskFields
FNDA:6,validateCompleteTask
FNDA:22,validateFilters
DA:1,1
DA:2,1
DA:3,1
DA:4,1
DA:5,1
DA:6,1
DA:7,1
DA:8,1
DA:9,1
DA:10,1
DA:11,1
DA:12,1
DA:13,1
DA:14,1
DA:15,5
DA:16,3
DA:17,3
DA:18,5
DA:19,1
DA:20,1
DA:21,3
DA:22,1
DA:23,1
DA:24,3
DA:25,1
DA:26,3
DA:27,1
DA:28,1
DA:29,3
DA:30,1
DA:31,1
DA:32,9
DA:33,2
DA:34,2
DA:35,9
DA:36,1
DA:37,1
DA:38,7
DA:39,7
DA:40,2
DA:41,2
DA:42,7
DA:43,1
DA:44,1
DA:45,2
DA:46,2
DA:47,2
DA:48,2
DA:49,2
DA:50,2
DA:51,1
DA:52,1
DA:53,2
DA:54,1
DA:55,1
DA:56,4
DA:57,2
DA:58,2
DA:59,4
DA:60,1
DA:61,1
DA:62,16
DA:63,16
DA:64,16
DA:65,7
DA:66,16
DA:67,16
DA:68,16
DA:69,16
DA:70,16
DA:71,16
DA:72,5
DA:73,5
DA:74,16
DA:75,1
DA:76,1
DA:77,6
DA:78,3
DA:79,3
DA:80,6
DA:81,1
DA:82,1
DA:83,25
DA:84,6
DA:85,6
DA:86,25
DA:87,1
DA:88,5
DA:89,3
DA:90,3
DA:91,5
DA:92,1
DA:93,1
DA:94,6
DA:95,2
DA:96,2
DA:97,6
DA:98,1
DA:99,1
DA:100,22
DA:101,22
DA:102,19
DA:103,22
DA:104,22
DA:105,22
DA:106,22
DA:107,22
DA:108,22
DA:109,22
DA:110,22
DA:111,2
DA:112,2
DA:113,22
DA:114,1
LF:114
LH:114
BRDA:14,0,0,5
BRDA:15,1,0,3
BRDA:20,2,0,3
BRDA:21,3,0,1
BRDA:25,4,0,3
BRDA:26,5,0,1
BRDA:31,6,0,9
BRDA:32,7,0,7
BRDA:32,8,0,2
BRDA:37,9,0,7
BRDA:39,10,0,2
BRDA:44,11,0,2
BRDA:50,12,0,1
BRDA:55,13,0,4
BRDA:56,14,0,2
BRDA:61,15,0,16
BRDA:64,16,0,9
BRDA:64,17,0,7
BRDA:71,18,0,5
BRDA:67,19,0,28
BRDA:76,20,0,6
BRDA:77,21,0,3
BRDA:82,22,0,25
BRDA:83,23,0,6
BRDA:87,24,0,5
BRDA:88,25,0,3
BRDA:88,26,0,3
BRDA:93,27,0,6
BRDA:94,28,0,3
BRDA:94,29,0,2
BRDA:99,30,0,22
BRDA:101,31,0,3
BRDA:101,32,0,19
BRDA:110,33,0,2
BRDA:106,34,0,24
BRF:35
BRH:35
end_of_record
TN:
SF:src\helpers\ErrorGenerator.js
FN:2,BadRequestError
FN:10,InvalidDataError
FN:18,NotFoundError
FN:26,ForbiddenError
FN:34,UnauthorizedError
FNF:5
FNH:5
FNDA:7,BadRequestError
FNDA:17,InvalidDataError
FNDA:23,NotFoundError
FNDA:5,ForbiddenError
FNDA:4,UnauthorizedError
DA:1,1
DA:2,1
DA:3,7
DA:4,7
DA:5,7
DA:6,7
DA:7,1
DA:8,1
DA:9,1
DA:10,1
DA:11,17
DA:12,17
DA:13,17
DA:14,17
DA:15,1
DA:16,1
DA:17,1
DA:18,1
DA:19,23
DA:20,23
DA:21,23
DA:22,23
DA:23,1
DA:24,1
DA:25,1
DA:26,1
DA:27,5
DA:28,5
DA:29,5
DA:30,5
DA:31,1
DA:32,1
DA:33,1
DA:34,1
DA:35,4
DA:36,4
DA:37,4
DA:38,4
DA:39,1
DA:40,1
DA:41,1
DA:42,1
DA:43,1
DA:44,1
DA:45,1
DA:46,1
DA:47,1
LF:47
LH:47
BRDA:2,0,0,7
BRDA:10,1,0,17
BRDA:18,2,0,23
BRDA:26,3,0,5
BRDA:34,4,0,4
BRF:5
BRH:5
end_of_record
TN:
SF:src\helpers\LinksGenerator.js
FN:9,getLink
FN:26,generateLinks
FNF:2
FNH:2
FNDA:61,getLink
FNDA:36,generateLinks
DA:1,1
DA:2,1
DA:3,1
DA:4,1
DA:5,1
DA:6,1
DA:7,1
DA:8,1
DA:9,1
DA:10,61
DA:11,61
DA:12,61
DA:13,61
DA:14,61
DA:15,61
DA:16,61
DA:17,61
DA:18,61
DA:19,61
DA:20,61
DA:21,61
DA:22,61
DA:23,61
DA:24,61
DA:25,1
DA:26,1
DA:27,36
DA:28,36
DA:29,36
DA:30,36
DA:31,60
DA:32,60
DA:33,60
DA:34,60
DA:35,60
DA:36,60
DA:37,36
DA:38,36
DA:39,1
LF:39
LH:39
BRDA:9,0,0,61
BRDA:11,1,0,21
BRDA:13,2,0,27
BRDA:15,3,0,4
BRDA:17,4,0,4
BRDA:19,5,0,4
BRDA:21,6,0,1
BRDA:26,7,0,36
BRDA:30,8,0,60
BRDA:32,9,0,25
BRDA:32,10,0,35
BRDA:29,11,0,75
BRF:12
BRH:12
end_of_record
TN:
SF:src\middleware\authenticate.js
FN:4,authenticate
FNF:1
FNH:1
FNDA:28,authenticate
DA:1,1
DA:2,1
DA:3,1
DA:4,1
DA:5,28
DA:6,28
DA:7,28
DA:8,28
DA:9,28
DA:10,28
DA:11,23
DA:12,28
DA:13,1
DA:14,1
DA:15,25
DA:16,25
DA:17,25
DA:18,25
DA:19,28
DA:20,6
DA:21,6
DA:22,28
DA:23,1
DA:24,1
LF:24
LH:24
BRDA:4,0,0,28
BRDA:10,1,0,23
BRDA:12,2,0,25
BRDA:12,3,0,1
BRDA:19,4,0,6
BRF:5
BRH:5
end_of_record
TN:
SF:src\models\Task.js
FNF:0
FNH:0
DA:1,1
DA:2,1
DA:3,1
DA:4,1
DA:5,1
DA:6,1
DA:7,1
DA:8,1
DA:9,1
DA:10,1
DA:11,1
DA:12,1
DA:13,1
DA:14,1
DA:15,1
DA:16,1
DA:17,1
DA:18,1
DA:19,1
DA:20,1
DA:21,1
DA:22,1
DA:23,1
DA:24,1
DA:25,1
DA:26,1
DA:27,1
DA:28,1
DA:29,1
DA:30,1
DA:31,1
DA:32,1
DA:33,1
DA:34,1
DA:35,1
LF:35
LH:35
BRF:0
BRH:0
end_of_record
TN:
SF:src\models\Token.js
FNF:0
FNH:0
DA:1,1
DA:2,1
DA:3,1
DA:4,1
DA:5,1
DA:6,1
DA:7,1
DA:8,1
DA:9,1
DA:10,1
DA:11,1
DA:12,1
DA:13,1
DA:14,1
DA:15,1
DA:16,1
DA:17,1
DA:18,1
LF:18
LH:18
BRF:0
BRH:0
end_of_record
TN:
SF:src\models\User.js
FNF:0
FNH:0
DA:1,1
DA:2,1
DA:3,1
DA:4,1
DA:5,1
DA:6,1
DA:7,1
DA:8,1
DA:9,1
DA:10,1
DA:11,1
DA:12,1
DA:13,1
DA:14,1
DA:15,1
DA:16,1
DA:17,1
DA:18,1
DA:19,1
DA:20,1
DA:21,1
DA:22,1
DA:23,1
DA:24,1
DA:25,1
DA:26,1
DA:27,1
DA:28,1
DA:29,1
DA:30,1
DA:31,1
DA:32,1
DA:33,1
DA:34,1
DA:35,1
DA:36,1
DA:37,1
LF:37
LH:37
BRF:0
BRH:0
end_of_record
TN:
SF:src\repositories\TaskRepository.js
FN:4,formatTask
FN:15,createTask
FN:23,getTask
FN:27,updateTask
FN:38,deleteTask
FN:42,getTasks
FN:50,deleteUserTasks
FNF:7
FNH:7
FNDA:65,formatTask
FNDA:2,createTask
FNDA:9,getTask
FNDA:4,updateTask
FNDA:4,deleteTask
FNDA:20,getTasks
FNDA:2,deleteUserTasks
DA:1,1
DA:2,1
DA:3,1
DA:4,1
DA:5,65
DA:6,65
DA:7,65
DA:8,65
DA:9,65
DA:10,65
DA:11,65
DA:12,65
DA:13,65
DA:14,1
DA:15,1
DA:16,2
DA:17,2
DA:18,2
DA:19,2
DA:20,2
DA:21,2
DA:22,1
DA:23,1
DA:24,9
DA:25,9
DA:26,1
DA:27,1
DA:28,4
DA:29,3
DA:30,3
DA:31,6
DA:32,6
DA:33,6
DA:34,3
DA:35,3
DA:36,3
DA:37,1
DA:38,1
DA:39,4
DA:40,4
DA:41,1
DA:42,1
DA:43,20
DA:44,20
DA:45,20
DA:46,20
DA:47,20
DA:48,20
DA:49,1
DA:50,1
DA:51,2
DA:52,2
DA:53,1
DA:54,1
DA:55,1
LF:55
LH:55
BRDA:4,0,0,65
BRDA:15,1,0,2
BRDA:23,2,0,9
BRDA:27,3,0,4
BRDA:28,4,0,3
BRDA:30,5,0,6
BRDA:31,6,0,1
BRDA:31,7,0,5
BRDA:38,8,0,4
BRDA:42,9,0,20
BRDA:50,10,0,2
BRF:11
BRH:11
end_of_record
TN:
SF:src\repositories\TokenRepository.js
FN:4,createToken
FN:14,getToken
FN:18,deleteToken
FNF:3
FNH:3
FNDA:2,createToken
FNDA:8,getToken
FNDA:3,deleteToken
DA:1,1
DA:2,1
DA:3,1
DA:4,1
DA:5,2
DA:6,2
DA:7,2
DA:8,2
DA:9,2
DA:10,2
DA:11,2
DA:12,2
DA:13,1
DA:14,1
DA:15,8
DA:16,8
DA:17,1
DA:18,1
DA:19,3
DA:20,3
DA:21,1
DA:22,1
DA:23,1
LF:23
LH:23
BRDA:4,0,0,2
BRDA:14,1,0,8
BRDA:18,2,0,3
BRF:3
BRH:3
end_of_record
TN:
SF:src\repositories\UserRepository.js
FN:5,formatUser
FN:15,getUser
FN:19,createUser
FN:24,updateUser
FN:38,verifyUser
FN:44,deleteUser
FN:49,getAllUsers
FNF:7
FNH:7
FNDA:45,formatUser
FNDA:78,getUser
FNDA:4,createUser
FNDA:13,updateUser
FNDA:1,verifyUser
FNDA:4,deleteUser
FNDA:3,getAllUsers
DA:1,1
DA:2,1
DA:3,1
DA:4,1
DA:5,1
DA:6,45
DA:7,45
DA:8,45
DA:9,45
DA:10,45
DA:11,45
DA:12,45
DA:13,45
DA:14,1
DA:15,1
DA:16,78
DA:17,78
DA:18,1
DA:19,1
DA:20,4
DA:21,4
DA:22,4
DA:23,1
DA:24,1
DA:25,13
DA:26,13
DA:27,13
DA:28,1
DA:29,1
DA:30,13
DA:31,13
DA:32,53
DA:33,53
DA:34,13
DA:35,13
DA:36,13
DA:37,1
DA:38,1
DA:39,1
DA:40,1
DA:41,1
DA:42,1
DA:43,1
DA:44,1
DA:45,4
DA:46,3
DA:47,3
DA:48,1
DA:49,1
DA:50,3
DA:51,3
DA:52,1
DA:53,1
DA:54,1
LF:54
LH:54
BRDA:5,0,0,45
BRDA:15,1,0,78
BRDA:19,2,0,4
BRDA:24,3,0,13
BRDA:27,4,0,1
BRDA:31,5,0,53
BRDA:38,6,0,1
BRDA:44,7,0,4
BRDA:45,8,0,3
BRDA:49,9,0,3
BRF:10
BRH:10
end_of_record
TN:
SF:src\routes\sessions.js
FNF:0
FNH:0
DA:1,1
DA:2,1
DA:3,1
DA:4,1
DA:5,1
DA:6,1
DA:7,1
DA:8,1
DA:9,1
DA:10,1
DA:11,1
DA:12,1
DA:13,1
LF:13
LH:13
BRF:0
BRH:0
end_of_record
TN:
SF:src\routes\tasks.js
FNF:0
FNH:0
DA:1,1
DA:2,1
DA:3,1
DA:4,1
DA:5,1
DA:6,1
DA:7,1
DA:8,1
DA:9,1
DA:10,1
DA:11,1
DA:12,1
DA:13,1
DA:14,1
DA:15,1
DA:16,1
DA:17,1
DA:18,1
DA:19,1
LF:19
LH:19
BRF:0
BRH:0
end_of_record
TN:
SF:src\routes\tokens.js
FNF:0
FNH:0
DA:1,1
DA:2,1
DA:3,1
DA:4,1
DA:5,1
DA:6,1
DA:7,1
DA:8,1
DA:9,1
DA:10,1
LF:10
LH:10
BRF:0
BRH:0
end_of_record
TN:
SF:src\routes\users.js
FNF:0
FNH:0
DA:1,1
DA:2,1
DA:3,1
DA:4,1
DA:5,1
DA:6,1
DA:7,1
DA:8,1
DA:9,1
DA:10,1
DA:11,1
DA:12,1
DA:13,1
DA:14,1
DA:15,1
DA:16,1
LF:16
LH:16
BRF:0
BRH:0
end_of_record
TN:
SF:src\services\CacheService.js
FN:4,CacheService
FN:12,get
FN:16,set
FN:20,del
FN:24,update
FN:29,flush
FNF:6
FNH:6
FNDA:6,CacheService
FNDA:6,get
FNDA:8,set
FNDA:5,del
FNDA:2,update
FNDA:26,flush
DA:1,1
DA:2,1
DA:3,1
DA:4,1
DA:5,6
DA:6,6
DA:7,6
DA:8,6
DA:9,6
DA:10,6
DA:11,1
DA:12,1
DA:13,6
DA:14,6
DA:15,1
DA:16,1
DA:17,8
DA:18,8
DA:19,1
DA:20,1
DA:21,5
DA:22,5
DA:23,1
DA:24,1
DA:25,2
DA:26,2
DA:27,2
DA:28,1
DA:29,1
DA:30,26
DA:31,26
DA:32,1
LF:32
LH:32
BRDA:4,0,0,6
BRDA:12,1,0,6
BRDA:16,2,0,8
BRDA:20,3,0,5
BRDA:24,4,0,2
BRDA:29,5,0,26
BRF:6
BRH:6
end_of_record
TN:
SF:src\services\EmailService.js
FN:7,createTransporter
FN:19,sendMail
FNF:2
FNH:2
FNDA:4,createTransporter
FNDA:3,sendMail
DA:1,1
DA:2,1
DA:3,1
DA:4,1
DA:5,1
DA:6,1
DA:7,1
DA:8,4
DA:9,4
DA:10,4
DA:11,4
DA:12,4
DA:13,4
DA:14,4
DA:15,4
DA:16,4
DA:17,4
DA:18,1
DA:19,1
DA:20,3
DA:21,3
DA:22,3
DA:23,3
DA:24,3
DA:25,3
DA:26,3
DA:27,3
DA:28,3
DA:29,3
DA:30,3
DA:31,3
DA:32,3
DA:33,1
LF:33
LH:33
BRDA:7,0,0,4
BRDA:19,1,0,3
BRF:2
BRH:2
end_of_record
TN:
SF:src\services\QuoteService.js
FN:6,getRandomQuote
FNF:1
FNH:1
FNDA:9,getRandomQuote
DA:1,1
DA:2,1
DA:3,1
DA:4,1
DA:5,1
DA:6,1
DA:7,9
DA:8,8
DA:9,8
DA:10,8
DA:11,8
DA:12,8
DA:13,1
LF:13
LH:13
BRDA:6,0,0,9
BRDA:7,1,0,8
BRF:2
BRH:2
end_of_record
TN:
SF:src\services\SecurityService.js
FN:10,hashPassword
FN:14,comparePassword
FN:18,generateAccessToken
FN:29,generateRefreshToken
FN:39,generateUserToken
FN:49,verifyAccessToken
FN:53,verifyRefreshToken
FN:57,verifyUserToken
FN:68,createToken
FN:73,getToken
FN:81,deleteToken
FNF:11
FNH:11
FNDA:56,hashPassword
FNDA:11,comparePassword
FNDA:38,generateAccessToken
FNDA:34,generateRefreshToken
FNDA:9,generateUserToken
FNDA:29,verifyAccessToken
FNDA:4,verifyRefreshToken
FNDA:3,verifyUserToken
FNDA:2,createToken
FNDA:8,getToken
FNDA:3,deleteToken
DA:1,1
DA:2,1
DA:3,1
DA:4,1
DA:5,1
DA:6,1
DA:7,1
DA:8,1
DA:9,1
DA:10,1
DA:11,56
DA:12,56
DA:13,1
DA:14,1
DA:15,11
DA:16,11
DA:17,1
DA:18,1
DA:19,38
DA:20,38
DA:21,38
DA:22,38
DA:23,38
DA:24,38
DA:25,38
DA:26,38
DA:27,38
DA:28,1
DA:29,1
DA:30,34
DA:31,34
DA:32,34
DA:33,34
DA:34,34
DA:35,34
DA:36,34
DA:37,34
DA:38,1
DA:39,1
DA:40,9
DA:41,9
DA:42,9
DA:43,9
DA:44,9
DA:45,9
DA:46,9
DA:47,9
DA:48,1
DA:49,1
DA:50,29
DA:51,29
DA:52,1
DA:53,1
DA:54,4
DA:55,4
DA:56,1
DA:57,1
DA:58,3
DA:59,3
DA:60,3
DA:61,2
DA:62,3
DA:63,1
DA:64,1
DA:65,1
DA:66,1
DA:67,1
DA:68,1
DA:69,2
DA:70,2
DA:71,2
DA:72,1
DA:73,1
DA:74,8
DA:75,8
DA:76,2
DA:77,2
DA:78,8
DA:79,8
DA:80,1
DA:81,1
DA:82,3
DA:83,3
DA:84,3
DA:85,1
LF:85
LH:85
BRDA:10,0,0,56
BRDA:14,1,0,11
BRDA:18,2,0,38
BRDA:29,3,0,34
BRDA:39,4,0,9
BRDA:49,5,0,29
BRDA:53,6,0,4
BRDA:57,7,0,3
BRDA:60,8,0,2
BRDA:62,9,0,1
BRDA:68,10,0,2
BRDA:73,11,0,8
BRDA:75,12,0,2
BRDA:81,13,0,3
BRF:14
BRH:14
end_of_record
TN:
SF:src\services\SessionService.js
FN:8,getUserById
FN:16,verifyUser
FN:38,login
FN:69,logout
FNF:4
FNH:4
FNDA:5,getUserById
FNDA:11,verifyUser
FNDA:11,login
FNDA:4,logout
DA:1,1
DA:2,1
DA:3,1
DA:4,1
DA:5,1
DA:6,1
DA:7,1
DA:8,1
DA:9,5
DA:10,5
DA:11,1
DA:12,1
DA:13,5
DA:14,5
DA:15,1
DA:16,1
DA:17,11
DA:18,11
DA:19,11
DA:20,2
DA:21,2
DA:22,9
DA:23,11
DA:24,1
DA:25,1
DA:26,11
DA:27,11
DA:28,11
DA:29,11
DA:30,11
DA:31,11
DA:32,11
DA:33,1
DA:34,1
DA:35,11
DA:36,11
DA:37,11
DA:38,1
DA:39,11
DA:40,11
DA:41,7
DA:42,7
DA:43,7
DA:44,7
DA:45,7
DA:46,7
DA:47,7
DA:48,7
DA:49,7
DA:50,7
DA:51,7
DA:52,7
DA:53,7
DA:54,7
DA:55,7
DA:56,7
DA:57,7
DA:58,7
DA:59,7
DA:60,7
DA:61,7
DA:62,8
DA:63,4
DA:64,4
DA:65,4
DA:66,4
DA:67,11
DA:68,1
DA:69,1
DA:70,4
DA:71,4
DA:72,2
DA:73,2
DA:74,2
DA:75,2
DA:76,2
DA:77,2
DA:78,2
DA:79,2
DA:80,2
DA:81,2
DA:82,2
DA:83,2
DA:84,2
DA:85,4
DA:86,1
LF:86
LH:86
BRDA:8,0,0,5
BRDA:10,1,0,1
BRDA:16,2,0,11
BRDA:19,3,0,2
BRDA:22,4,0,9
BRDA:23,5,0,1
BRDA:32,6,0,1
BRDA:38,7,0,11
BRDA:40,8,0,8
BRDA:40,9,0,7
BRDA:62,10,0,4
BRDA:69,11,0,4
BRDA:71,12,0,2
BRF:13
BRH:13
end_of_record
TN:
SF:src\services\TaskService.js
FN:9,createTask
FN:24,updateTask
FN:42,getTaskById
FN:56,deleteTask
FN:67,formatMatch
FN:78,getTasks
FN:105,formatAllTasks
FNF:7
FNH:7
FNDA:4,createTask
FNDA:6,updateTask
FNDA:6,getTaskById
FNDA:4,deleteTask
FNDA:20,formatMatch
FNDA:21,getTasks
FNDA:20,formatAllTasks
DA:1,1
DA:2,1
DA:3,1
DA:4,1
DA:5,1
DA:6,1
DA:7,1
DA:8,1
DA:9,1
DA:10,4
DA:11,4
DA:12,4
DA:13,4
DA:14,4
DA:15,4
DA:16,4
DA:17,4
DA:18,4
DA:19,4
DA:20,2
DA:21,2
DA:22,2
DA:23,1
DA:24,1
DA:25,6
DA:26,6
DA:27,6
DA:28,6
DA:29,6
DA:30,6
DA:31,2
DA:32,2
DA:33,2
DA:34,2
DA:35,2
DA:36,2
DA:37,2
DA:38,2
DA:39,2
DA:40,6
DA:41,1
DA:42,1
DA:43,6
DA:44,6
DA:45,6
DA:46,6
DA:47,5
DA:48,5
DA:49,4
DA:50,4
DA:51,6
DA:52,2
DA:53,2
DA:54,6
DA:55,1
DA:56,1
DA:57,4
DA:58,4
DA:59,3
DA:60,3
DA:61,3
DA:62,3
DA:63,1
DA:64,1
DA:65,4
DA:66,1
DA:67,1
DA:68,20
DA:69,20
DA:70,20
DA:71,20
DA:72,3
DA:73,3
DA:74,20
DA:75,20
DA:76,20
DA:77,1
DA:78,1
DA:79,21
DA:80,21
DA:81,21
DA:82,21
DA:83,21
DA:84,21
DA:85,21
DA:86,21
DA:87,21
DA:88,21
DA:89,21
DA:90,21
DA:91,21
DA:92,4
DA:93,4
DA:94,4
DA:95,20
DA:96,20
DA:97,20
DA:98,21
DA:99,4
DA:100,4
DA:101,4
DA:102,4
DA:103,21
DA:104,1
DA:105,1
DA:106,20
DA:107,20
DA:108,20
DA:109,20
DA:110,56
DA:111,56
DA:112,17
DA:113,17
DA:114,1
LF:114
LH:114
BRDA:9,0,0,4
BRDA:19,1,0,2
BRDA:24,2,0,6
BRDA:30,3,0,2
BRDA:42,4,0,6
BRDA:46,5,0,1
BRDA:46,6,0,5
BRDA:48,7,0,4
BRDA:51,8,0,2
BRDA:56,9,0,4
BRDA:58,10,0,3
BRDA:62,11,0,1
BRDA:67,12,0,20
BRDA:69,13,0,17
BRDA:71,14,0,3
BRDA:72,15,0,1
BRDA:72,16,0,2
BRDA:73,17,0,1
BRDA:74,18,0,1
BRDA:78,19,0,21
BRDA:88,20,0,7
BRDA:88,21,0,20
BRDA:89,22,0,4
BRDA:89,23,0,20
BRDA:90,24,0,2
BRDA:90,25,0,20
BRDA:91,26,0,4
BRDA:93,27,0,2
BRDA:93,28,0,2
BRDA:95,29,0,20
BRDA:98,30,0,4
BRDA:105,31,0,20
BRDA:109,32,0,56
BRDA:112,33,0,17
BRF:34
BRH:34
end_of_record
TN:
SF:src\services\TokenService.js
FN:7,refreshToken
FN:22,verifyEmail
FNF:2
FNH:2
FNDA:4,refreshToken
FNDA:3,verifyEmail
DA:1,1
DA:2,1
DA:3,1
DA:4,1
DA:5,1
DA:6,1
DA:7,1
DA:8,4
DA:9,4
DA:10,4
DA:11,4
DA:12,4
DA:13,4
DA:14,4
DA:15,4
DA:16,2
DA:17,2
DA:18,2
DA:19,2
DA:20,4
DA:21,1
DA:22,1
DA:23,3
DA:24,3
DA:25,2
DA:26,2
DA:27,2
DA:28,1
DA:29,1
DA:30,1
DA:31,1
DA:32,1
DA:33,1
DA:34,1
DA:35,1
DA:36,2
DA:37,2
DA:38,2
DA:39,3
DA:40,1
LF:40
LH:40
BRDA:7,0,0,4
BRDA:15,1,0,2
BRDA:22,2,0,3
BRDA:24,3,0,2
BRDA:27,4,0,1
BRF:5
BRH:5
end_of_record
TN:
SF:src\services\UserService.js
FN:9,createUser
FN:23,register
FN:32,updatePassword
FN:43,updateUser
FN:58,getUser
FN:67,deleteUser
FN:77,getAllUsers
FNF:7
FNH:7
FNDA:7,createUser
FNDA:2,register
FNDA:2,updatePassword
FNDA:8,updateUser
FNDA:30,getUser
FNDA:4,deleteUser
FNDA:5,getAllUsers
DA:1,1
DA:2,1
DA:3,1
DA:4,1
DA:5,1
DA:6,1
DA:7,1
DA:8,1
DA:9,1
DA:10,7
DA:11,5
DA:12,5
DA:13,6
DA:14,4
DA:15,4
DA:16,4
DA:17,4
DA:18,4
DA:19,4
DA:20,4
DA:21,4
DA:22,1
DA:23,1
DA:24,2
DA:25,2
DA:26,2
DA:27,1
DA:28,1
DA:29,1
DA:30,1
DA:31,1
DA:32,1
DA:33,2
DA:34,2
DA:35,2
DA:36,1
DA:37,1
DA:38,1
DA:39,1
DA:40,1
DA:41,1
DA:42,1
DA:43,1
DA:44,8
DA:45,8
DA:46,8
DA:47,3
DA:48,3
DA:49,1
DA:50,1
DA:51,1
DA:52,1
DA:53,1
DA:54,8
DA:55,3
DA:56,3
DA:57,1
DA:58,1
DA:59,30
DA:60,30
DA:61,28
DA:62,29
DA:63,5
DA:64,5
DA:65,30
DA:66,1
DA:67,1
DA:68,4
DA:69,4
DA:70,2
DA:71,2
DA:72,2
DA:73,2
DA:74,2
DA:75,4
DA:76,1
DA:77,1
DA:78,5
DA:79,5
DA:80,5
DA:81,3
DA:82,3
DA:83,3
DA:84,3
DA:85,3
DA:86,1
LF:86
LH:86
BRDA:9,0,0,7
BRDA:10,1,0,6
BRDA:10,2,0,5
BRDA:13,3,0,4
BRDA:23,4,0,2
BRDA:26,5,0,1
BRDA:32,6,0,2
BRDA:35,7,0,1
BRDA:43,8,0,8
BRDA:46,9,0,3
BRDA:48,10,0,1
BRDA:54,11,0,3
BRDA:58,12,0,30
BRDA:60,13,0,29
BRDA:60,14,0,28
BRDA:62,15,0,5
BRDA:67,16,0,4
BRDA:69,17,0,2
BRDA:77,18,0,5
BRDA:80,19,0,3
BRDA:84,20,0,3
BRF:21
BRH:21
end_of_record
